# JRE version: OpenJDK Runtime Environment (11.0+28) (build 11+28)
# Java VM: OpenJDK 64-Bit Server VM (11+28, mixed mode, tiered, compressed oops, parallel gc, windows-amd64)
Heap:
 PSYoungGen      total 23552K, used 23545K [0x00000000eab00000, 0x00000000ec680000, 0x0000000100000000)
  eden space 19968K, 100% used [0x00000000eab00000,0x00000000ebe80000,0x00000000ebe80000)
  from space 3584K, 99% used [0x00000000ebe80000,0x00000000ec1fe440,0x00000000ec200000)
  to   space 4096K, 91% used [0x00000000ec280000,0x00000000ec624640,0x00000000ec680000)
 ParOldGen       total 64000K, used 62852K [0x00000000c0000000, 0x00000000c3e80000, 0x00000000eab00000)
  object space 64000K, 98% used [0x00000000c0000000,0x00000000c3d61000,0x00000000c3e80000)
 Metaspace       used 68060K, capacity 71185K, committed 71512K, reserved 1114112K
  class space    used 6645K, capacity 7732K, committed 7808K, reserved 1048576K
GC Heap History (10 events):
Event: 188.781 GC heap after
{Heap after GC invocations=65 (full 3):
 PSYoungGen      total 23552K, used 3179K [0x00000000eab00000, 0x00000000ec580000, 0x0000000100000000)
  eden space 19968K, 0% used [0x00000000eab00000,0x00000000eab00000,0x00000000ebe80000)
  from space 3584K, 88% used [0x00000000ebe80000,0x00000000ec19aef0,0x00000000ec200000)
  to   space 3584K, 0% used [0x00000000ec200000,0x00000000ec200000,0x00000000ec580000)
 ParOldGen       total 64000K, used 62407K [0x00000000c0000000, 0x00000000c3e80000, 0x00000000eab00000)
  object space 64000K, 97% used [0x00000000c0000000,0x00000000c3cf1fd0,0x00000000c3e80000)
 Metaspace       used 67018K, capacity 70061K, committed 70104K, reserved 1112064K
  class space    used 6571K, capacity 7658K, committed 7680K, reserved 1048576K
}
Event: 190.609 GC heap before
{Heap before GC invocations=66 (full 3):
 PSYoungGen      total 23552K, used 23147K [0x00000000eab00000, 0x00000000ec580000, 0x0000000100000000)
  eden space 19968K, 100% used [0x00000000eab00000,0x00000000ebe80000,0x00000000ebe80000)
  from space 3584K, 88% used [0x00000000ebe80000,0x00000000ec19aef0,0x00000000ec200000)
  to   space 3584K, 0% used [0x00000000ec200000,0x00000000ec200000,0x00000000ec580000)
 ParOldGen       total 64000K, used 62407K [0x00000000c0000000, 0x00000000c3e80000, 0x00000000eab00000)
  object space 64000K, 97% used [0x00000000c0000000,0x00000000c3cf1fd0,0x00000000c3e80000)
 Metaspace       used 67121K, capacity 70190K, committed 70360K, reserved 1112064K
  class space    used 6572K, capacity 7658K, committed 7680K, reserved 1048576K
}
Event: 190.612 GC heap after
{Heap after GC invocations=66 (full 3):
 PSYoungGen      total 23552K, used 3179K [0x00000000eab00000, 0x00000000ec580000, 0x0000000100000000)
  eden space 19968K, 0% used [0x00000000eab00000,0x00000000eab00000,0x00000000ebe80000)
  from space 3584K, 88% used [0x00000000ec200000,0x00000000ec51aee0,0x00000000ec580000)
  to   space 3584K, 0% used [0x00000000ebe80000,0x00000000ebe80000,0x00000000ec200000)
 ParOldGen       total 64000K, used 62415K [0x00000000c0000000, 0x00000000c3e80000, 0x00000000eab00000)
  object space 64000K, 97% used [0x00000000c0000000,0x00000000c3cf3fd0,0x00000000c3e80000)
 Metaspace       used 67121K, capacity 70190K, committed 70360K, reserved 1112064K
  class space    used 6572K, capacity 7658K, committed 7680K, reserved 1048576K
}
Event: 191.685 GC heap before
{Heap before GC invocations=67 (full 3):
 PSYoungGen      total 23552K, used 23147K [0x00000000eab00000, 0x00000000ec580000, 0x0000000100000000)
  eden space 19968K, 100% used [0x00000000eab00000,0x00000000ebe80000,0x00000000ebe80000)
  from space 3584K, 88% used [0x00000000ec200000,0x00000000ec51aee0,0x00000000ec580000)
  to   space 3584K, 0% used [0x00000000ebe80000,0x00000000ebe80000,0x00000000ec200000)
 ParOldGen       total 64000K, used 62415K [0x00000000c0000000, 0x00000000c3e80000, 0x00000000eab00000)
  object space 64000K, 97% used [0x00000000c0000000,0x00000000c3cf3fd0,0x00000000c3e80000)
 Metaspace       used 67208K, capacity 70257K, committed 70360K, reserved 1112064K
  class space    used 6572K, capacity 7658K, committed 7680K, reserved 1048576K
}
Event: 191.687 GC heap after
{Heap after GC invocations=67 (full 3):
 PSYoungGen      total 23552K, used 3115K [0x00000000eab00000, 0x00000000ec580000, 0x0000000100000000)
  eden space 19968K, 0% used [0x00000000eab00000,0x00000000eab00000,0x00000000ebe80000)
  from space 3584K, 86% used [0x00000000ebe80000,0x00000000ec18af00,0x00000000ec200000)
  to   space 3584K, 0% used [0x00000000ec200000,0x00000000ec200000,0x00000000ec580000)
 ParOldGen       total 64000K, used 62415K [0x00000000c0000000, 0x00000000c3e80000, 0x00000000eab00000)
  object space 64000K, 97% used [0x00000000c0000000,0x00000000c3cf3fd0,0x00000000c3e80000)
 Metaspace       used 67208K, capacity 70257K, committed 70360K, reserved 1112064K
  class space    used 6572K, capacity 7658K, committed 7680K, reserved 1048576K
}
Event: 192.246 GC heap before
{Heap before GC invocations=68 (full 3):
 PSYoungGen      total 23552K, used 23065K [0x00000000eab00000, 0x00000000ec580000, 0x0000000100000000)
  eden space 19968K, 99% used [0x00000000eab00000,0x00000000ebe7b880,0x00000000ebe80000)
  from space 3584K, 86% used [0x00000000ebe80000,0x00000000ec18af00,0x00000000ec200000)
  to   space 3584K, 0% used [0x00000000ec200000,0x00000000ec200000,0x00000000ec580000)
 ParOldGen       total 64000K, used 62415K [0x00000000c0000000, 0x00000000c3e80000, 0x00000000eab00000)
  object space 64000K, 97% used [0x00000000c0000000,0x00000000c3cf3fd0,0x00000000c3e80000)
 Metaspace       used 67404K, capacity 70513K, committed 70616K, reserved 1112064K
  class space    used 6578K, capacity 7658K, committed 7680K, reserved 1048576K
}
Event: 192.248 GC heap after
{Heap after GC invocations=68 (full 3):
 PSYoungGen      total 23552K, used 3473K [0x00000000eab00000, 0x00000000ec580000, 0x0000000100000000)
  eden space 19968K, 0% used [0x00000000eab00000,0x00000000eab00000,0x00000000ebe80000)
  from space 3584K, 96% used [0x00000000ec200000,0x00000000ec564640,0x00000000ec580000)
  to   space 3584K, 0% used [0x00000000ebe80000,0x00000000ebe80000,0x00000000ec200000)
 ParOldGen       total 64000K, used 62415K [0x00000000c0000000, 0x00000000c3e80000, 0x00000000eab00000)
  object space 64000K, 97% used [0x00000000c0000000,0x00000000c3cf3fd0,0x00000000c3e80000)
 Metaspace       used 67404K, capacity 70513K, committed 70616K, reserved 1112064K
  class space    used 6578K, capacity 7658K, committed 7680K, reserved 1048576K
}
Event: 193.172 GC heap before
{Heap before GC invocations=69 (full 3):
 PSYoungGen      total 23552K, used 23441K [0x00000000eab00000, 0x00000000ec580000, 0x0000000100000000)
  eden space 19968K, 100% used [0x00000000eab00000,0x00000000ebe80000,0x00000000ebe80000)
  from space 3584K, 96% used [0x00000000ec200000,0x00000000ec564640,0x00000000ec580000)
  to   space 3584K, 0% used [0x00000000ebe80000,0x00000000ebe80000,0x00000000ec200000)
 ParOldGen       total 64000K, used 62415K [0x00000000c0000000, 0x00000000c3e80000, 0x00000000eab00000)
  object space 64000K, 97% used [0x00000000c0000000,0x00000000c3cf3fd0,0x00000000c3e80000)
 Metaspace       used 68023K, capacity 71183K, committed 71512K, reserved 1114112K
  class space    used 6645K, capacity 7732K, committed 7808K, reserved 1048576K
}
Event: 193.174 GC heap after
{Heap after GC invocations=69 (full 3):
 PSYoungGen      total 23552K, used 3577K [0x00000000eab00000, 0x00000000ec680000, 0x0000000100000000)
  eden space 19968K, 0% used [0x00000000eab00000,0x00000000eab00000,0x00000000ebe80000)
  from space 3584K, 99% used [0x00000000ebe80000,0x00000000ec1fe440,0x00000000ec200000)
  to   space 4096K, 0% used [0x00000000ec280000,0x00000000ec280000,0x00000000ec680000)
 ParOldGen       total 64000K, used 62708K [0x00000000c0000000, 0x00000000c3e80000, 0x00000000eab00000)
  object space 64000K, 97% used [0x00000000c0000000,0x00000000c3d3d000,0x00000000c3e80000)
 Metaspace       used 68023K, capacity 71183K, committed 71512K, reserved 1114112K
  class space    used 6645K, capacity 7732K, committed 7808K, reserved 1048576K
}
Event: 193.829 GC heap before
{Heap before GC invocations=70 (full 3):
 PSYoungGen      total 23552K, used 23545K [0x00000000eab00000, 0x00000000ec680000, 0x0000000100000000)
  eden space 19968K, 100% used [0x00000000eab00000,0x00000000ebe80000,0x00000000ebe80000)
  from space 3584K, 99% used [0x00000000ebe80000,0x00000000ec1fe440,0x00000000ec200000)
  to   space 4096K, 0% used [0x00000000ec280000,0x00000000ec280000,0x00000000ec680000)
 ParOldGen       total 64000K, used 62708K [0x00000000c0000000, 0x00000000c3e80000, 0x00000000eab00000)
  object space 64000K, 97% used [0x00000000c0000000,0x00000000c3d3d000,0x00000000c3e80000)
 Metaspace       used 68060K, capacity 71185K, committed 71512K, reserved 1114112K
  class space    used 6645K, capacity 7732K, committed 7808K, reserved 1048576K
}

